<?xml version="1.0" encoding="UTF-8"?>
<testsuites name="20190917_180831" timestamp="2019-09-17T18:08:31" time="30.142" tests="5" errors="0">
  <testsuite id="1" name="Makemytrip" package="Makemytrip" hostname="ATMECSINDT-076" timestamp="2019-09-17T18:08:33" time="26.790" tests="5" errors="0">
    <properties>
      <property name="Run From" value="ATMECSINDT-076" />
      <property name="Run OS" value="amd64 Windows 10 10.0" />
      <property name="Run User" value="Anne.Sivakumar" />
      <property name="Iteration" value="1 of 1" />
      <property name="Script" value="Makemytrip.xlsx" />
      <property name="Logs" value="C:\projects\Makemytrip\output\20190917_180831\logs\nexial-20190917_180831.log" />
      <property name="Data File" value="Makemytrip.data.xlsx" />
      <property name="DataSheet(s)" value="#default" />
      <property name="runtime args" value="-script C:\projects\Makemytrip\artifact\script\Makemytrip.xlsx" />
    </properties>
    <testcase id="Flight Booking" name="Flight Booking" classname="Scenario" timestamp="2019-09-17T18:08:35" time="24.604">
      <system-out>Total : 4
Passed: 4
Failed: 0
Output: C:\projects\Makemytrip\output\20190917_180831\Makemytrip.20190917_180833.001.xlsx
Logs  : C:\projects\Makemytrip\output\20190917_180831\logs\nexial-20190917_180831.log</system-out>
    </testcase>
    <testcase id="close" name="close" classname="Scenario" timestamp="2019-09-17T18:08:50" time="10.033">
      <system-out>Total : 1
Passed: 1
Failed: 0
Output: C:\projects\Makemytrip\output\20190917_180831\Makemytrip.20190917_180833.001.xlsx
Logs  : C:\projects\Makemytrip\output\20190917_180831\logs\nexial-20190917_180831.log</system-out>
    </testcase>
  </testsuite>
</testsuites>
