<?xml version="1.0" encoding="UTF-8"?>
<testsuites name="20190917_175913" timestamp="2019-09-17T17:59:13" time="28.253" tests="5" errors="2">
  <testsuite id="1" name="Makemytrip" package="Makemytrip" hostname="ATMECSINDT-076" timestamp="2019-09-17T17:59:15" time="25.136" tests="5" errors="2">
    <properties>
      <property name="Run From" value="ATMECSINDT-076" />
      <property name="Run OS" value="amd64 Windows 10 10.0" />
      <property name="Run User" value="Anne.Sivakumar" />
      <property name="Iteration" value="1 of 1" />
      <property name="Script" value="Makemytrip.xlsx" />
      <property name="Logs" value="C:\projects\Makemytrip\output\20190917_175913\logs\nexial-20190917_175913.log" />
      <property name="Data File" value="Makemytrip.data.xlsx" />
      <property name="DataSheet(s)" value="#default" />
      <property name="runtime args" value="-script C:\projects\Makemytrip\artifact\script\Makemytrip.xlsx" />
    </properties>
    <testcase id="Flight Booking" name="Flight Booking" classname="Scenario" timestamp="2019-09-17T17:59:17" time="23.138">
      <failure type="failure found in test activity" message="2 of 4 FAILED. Check C:\projects\Makemytrip\output\20190917_175913\Makemytrip.20190917_175915.001.xlsx for execution result, C:\projects\Makemytrip\output\20190917_175913\logs\nexial-20190917_175913.log for execution logs" />
      <system-out>Total : 4
Passed: 2
Failed: 2
Output: C:\projects\Makemytrip\output\20190917_175913\Makemytrip.20190917_175915.001.xlsx
Logs  : C:\projects\Makemytrip\output\20190917_175913\logs\nexial-20190917_175913.log</system-out>
    </testcase>
    <testcase id="close" name="close" classname="Scenario" timestamp="2019-09-17T17:59:30" time="9.834">
      <system-out>Total : 1
Passed: 1
Failed: 0
Output: C:\projects\Makemytrip\output\20190917_175913\Makemytrip.20190917_175915.001.xlsx
Logs  : C:\projects\Makemytrip\output\20190917_175913\logs\nexial-20190917_175913.log</system-out>
    </testcase>
  </testsuite>
</testsuites>
