<?xml version="1.0" encoding="UTF-8"?>
<testsuites name="20190917_175202" timestamp="2019-09-17T17:52:02" time="26.128" tests="4" errors="2">
  <testsuite id="1" name="Makemytrip" package="Makemytrip" hostname="ATMECSINDT-076" timestamp="2019-09-17T17:52:03" time="23.878" tests="4" errors="2">
    <properties>
      <property name="Run From" value="ATMECSINDT-076" />
      <property name="Run OS" value="amd64 Windows 10 10.0" />
      <property name="Run User" value="Anne.Sivakumar" />
      <property name="Iteration" value="1 of 1" />
      <property name="Script" value="Makemytrip.xlsx" />
      <property name="Logs" value="C:\projects\Makemytrip\output\20190917_175202\logs\nexial-20190917_175202.log" />
      <property name="Data File" value="Makemytrip.data.xlsx" />
      <property name="DataSheet(s)" value="#default" />
      <property name="runtime args" value="-script C:\projects\Makemytrip\artifact\script\Makemytrip.xlsx" />
    </properties>
    <testcase id="Flight Booking" name="Flight Booking" classname="Scenario" timestamp="2019-09-17T17:52:06" time="21.805">
      <failure type="failure found in test activity" message="2 of 3 FAILED. Check C:\projects\Makemytrip\output\20190917_175202\Makemytrip.20190917_175203.001.xlsx for execution result, C:\projects\Makemytrip\output\20190917_175202\logs\nexial-20190917_175202.log for execution logs" />
      <system-out>Total : 3
Passed: 1
Failed: 2
Output: C:\projects\Makemytrip\output\20190917_175202\Makemytrip.20190917_175203.001.xlsx
Logs  : C:\projects\Makemytrip\output\20190917_175202\logs\nexial-20190917_175202.log</system-out>
    </testcase>
    <testcase id="close" name="close" classname="Scenario" timestamp="2019-09-17T17:52:18" time="9.786">
      <system-out>Total : 1
Passed: 1
Failed: 0
Output: C:\projects\Makemytrip\output\20190917_175202\Makemytrip.20190917_175203.001.xlsx
Logs  : C:\projects\Makemytrip\output\20190917_175202\logs\nexial-20190917_175202.log</system-out>
    </testcase>
  </testsuite>
</testsuites>
