<?xml version="1.0" encoding="UTF-8"?>
<testsuites name="20190917_190632" timestamp="2019-09-17T19:06:32" time="47.133" tests="18" errors="0">
  <testsuite id="1" name="Makemytrip" package="Makemytrip" hostname="ATMECSINDT-076" timestamp="2019-09-17T19:06:34" time="42.647" tests="18" errors="0">
    <properties>
      <property name="Run From" value="ATMECSINDT-076" />
      <property name="Run OS" value="amd64 Windows 10 10.0" />
      <property name="Run User" value="Anne.Sivakumar" />
      <property name="Iteration" value="1 of 1" />
      <property name="Script" value="Makemytrip.xlsx" />
      <property name="Logs" value="C:\projects\Makemytrip\output\20190917_190632\logs\nexial-20190917_190632.log" />
      <property name="Data File" value="Makemytrip.data.xlsx" />
      <property name="DataSheet(s)" value="#default" />
      <property name="runtime args" value="-script C:\projects\Makemytrip\artifact\script\Makemytrip.xlsx" />
    </properties>
    <testcase id="Flight Booking" name="Flight Booking" classname="Scenario" timestamp="2019-09-17T19:06:36" time="39.835">
      <system-out>Total : 18
Passed: 18
Failed: 0
Output: C:\projects\Makemytrip\output\20190917_190632\Makemytrip.20190917_190634.001.xlsx
Logs  : C:\projects\Makemytrip\output\20190917_190632\logs\nexial-20190917_190632.log</system-out>
    </testcase>
  </testsuite>
</testsuites>
